<?xml version="1.0" encoding="UTF-8"?>
<!-- Generated by org.testng.reporters.JUnitReportReporter -->
<testsuite skipped="0" hostname="DESKTOP-0I2NV3F" name="com.systest.nmsTest.ReadingDataTest" tests="1" failures="0" timestamp="2021-08-27T12:47:05 IST" time="0.008" errors="0">
  <testcase name="VaidateData" time="0.008" classname="com.systest.nmsTest.ReadingDataTest"/>
  <system-out/>
</testsuite> <!-- com.systest.nmsTest.ReadingDataTest -->
