<?xml version="1.0" encoding="UTF-8"?>
<!-- Generated by org.testng.reporters.JUnitReportReporter -->
<testsuite skipped="0" hostname="DESKTOP-0I2NV3F" name="com.systest.nms.ReadingDataFromExcel" tests="1" failures="0" timestamp="2021-08-27T12:17:30 IST" time="0.027" errors="0">
  <testcase name="dataValidation" time="0.027" classname="com.systest.nms.ReadingDataFromExcel"/>
  <system-out/>
</testsuite> <!-- com.systest.nms.ReadingDataFromExcel -->
